<?xml version="1.0" encoding="UTF-8"?>
<Site BuildName="(empty)"
	BuildStamp="20220904-1808-Experimental"
	Name="(empty)"
	Generator="ctest-3.10.0"
	CompilerName=""
	CompilerVersion=""
	OSName="macOS"
	Hostname="10-20-87-8.dynapool.wireless.nyu.edu"
	OSRelease="12.5"
	OSVersion="21G72"
	OSPlatform="x86_64"
	Is64Bits="1"
	VendorString=""
	VendorID="Unknown Manufacturer"
	FamilyID="6"
	ModelID="-1894967296"
	ProcessorCacheSize="131072"
	NumberOfLogicalCPU="8"
	NumberOfPhysicalCPU="8"
	TotalVirtualMemory="3072"
	TotalPhysicalMemory="8192"
	LogicalProcessorsPerPhysical="8"
	ProcessorClockFrequency="2400"
	>
	<Testing>
		<StartDateTime>Sep 04 14:25 EDT</StartDateTime>
		<StartTestTime>1662315922</StartTestTime>
		<TestList>
			<Test>./tests/100BoxesCPPTests</Test>
		</TestList>
		<Test Status="passed">
			<Name>100BoxesCPPTests</Name>
			<Path>./tests</Path>
			<FullName>./tests/100BoxesCPPTests</FullName>
			<FullCommandLine>/Users/seandoyle/git/100Boxes/100BoxesCPP/build/tests/100BoxesCPPTests</FullCommandLine>
			<Results>
				<NamedMeasurement type="numeric/double" name="Execution Time">
					<Value>0.0148351</Value>
				</NamedMeasurement>
				<NamedMeasurement type="numeric/double" name="Processors">
					<Value>1</Value>
				</NamedMeasurement>
				<NamedMeasurement type="text/string" name="Completion Status">
					<Value>Completed</Value>
				</NamedMeasurement>
				<NamedMeasurement type="text/string" name="Command Line">
					<Value>/Users/seandoyle/git/100Boxes/100BoxesCPP/build/tests/100BoxesCPPTests</Value>
				</NamedMeasurement>
				<Measurement>
					<Value encoding="base64" compression="gzip">eJyNksFSwjAQhu95ivUGB1rw7kGB4eCoHZATwzixrDUzyS6TbBXf3qZBtA4oe8k2+fbf/pvMayJDFThtqNeHF88O8mVAH/KAmjb8YTGvjOSj4fCGdxgOybgo8oq5sigY5GcafJlXMXuKqllZqtXVIdYw37e8hMiE1DN9QKhNs2ZqNTjEGmaWn7VNANKb8UwOqYFRBvX2FzxKXCs63Wm3tfgY26gVzJf30Ma6c5JN0DEF8VpwFnfudOk5qD0D4/awLoV9I5Li4fY8EegNwYX+eb+YYBAWbfvqdE07/oVxtdVimI7YO0ZkPs298IaEa1Ff9yCvGAvgm7/o+jxH7V+jx0T+Mnzq0gW1H2z4nbqP6vRjAq8p63Zq3BXXi8V0Eme1r8zUJxtF/yk=</Value>
				</Measurement>
			</Results>
		</Test>
		<EndDateTime>Sep 04 14:25 EDT</EndDateTime>
		<EndTestTime>1662315922</EndTestTime>
		<ElapsedMinutes>0</ElapsedMinutes>
	</Testing>
</Site>
