<?xml version="1.0" encoding="UTF-8"?>
<Site BuildName="(empty)"
	BuildStamp="20220904-1808-Experimental"
	Name="(empty)"
	Generator="ctest-3.10.0"
	CompilerName=""
	CompilerVersion=""
	OSName="macOS"
	Hostname="10-20-87-8.dynapool.wireless.nyu.edu"
	OSRelease="12.5"
	OSVersion="21G72"
	OSPlatform="x86_64"
	Is64Bits="1"
	VendorString=""
	VendorID="Unknown Manufacturer"
	FamilyID="6"
	ModelID="-1894967296"
	ProcessorCacheSize="131072"
	NumberOfLogicalCPU="8"
	NumberOfPhysicalCPU="8"
	TotalVirtualMemory="3072"
	TotalPhysicalMemory="8192"
	LogicalProcessorsPerPhysical="8"
	ProcessorClockFrequency="2400"
	>
	<Testing>
		<StartDateTime>Sep 04 14:37 EDT</StartDateTime>
		<StartTestTime>1662316674</StartTestTime>
		<TestList>
			<Test>./tests/100BoxesCPPTests</Test>
		</TestList>
		<Test Status="passed">
			<Name>100BoxesCPPTests</Name>
			<Path>./tests</Path>
			<FullName>./tests/100BoxesCPPTests</FullName>
			<FullCommandLine>/Users/seandoyle/git/100Boxes/100BoxesCPP/build/tests/100BoxesCPPTests</FullCommandLine>
			<Results>
				<NamedMeasurement type="numeric/double" name="Execution Time">
					<Value>0.0138261</Value>
				</NamedMeasurement>
				<NamedMeasurement type="numeric/double" name="Processors">
					<Value>1</Value>
				</NamedMeasurement>
				<NamedMeasurement type="text/string" name="Completion Status">
					<Value>Completed</Value>
				</NamedMeasurement>
				<NamedMeasurement type="text/string" name="Command Line">
					<Value>/Users/seandoyle/git/100Boxes/100BoxesCPP/build/tests/100BoxesCPPTests</Value>
				</NamedMeasurement>
				<Measurement>
					<Value encoding="base64" compression="gzip">eJyVUMtqwzAQvPsr9hgfLDkf0ENf9FBojN2cjCmqszUCeTdIqz7+vnYUTFJaSOc0sDO7s1NHIksDjMbSKoc3zyPobUAfdEBDO/5yqAcrel2WN/yJYSG3VaUH5sGhYJBTGnyvh5m9zFtV32ft1YIO6uPJNcyadPLIQ7SCKmuLBR08OH41Ls2R3q1nGpEmLUoR9z/EpzsPKRs7RmfEMj1Pg5C1UG+f4IDuV4XyKV7lLQlHmRwJm8cLHbAqYQz5/4IlEwiLcXl2WQOCxhc7/qDzfv/qFbwhdX5n+q26bpr7u7mNpFXZN6kerb0=</Value>
				</Measurement>
			</Results>
		</Test>
		<EndDateTime>Sep 04 14:37 EDT</EndDateTime>
		<EndTestTime>1662316674</EndTestTime>
		<ElapsedMinutes>0</ElapsedMinutes>
	</Testing>
</Site>
