Start testing: Sep 04 14:08 EDT
----------------------------------------------------------
1/1 Testing: 100BoxesCPPTests
1/1 Test: 100BoxesCPPTests
Command: "/Users/seandoyle/git/100Boxes/100BoxesCPP/build/tests/100BoxesCPPTests"
Directory: /Users/seandoyle/git/100Boxes/100BoxesCPP/build/tests
"100BoxesCPPTests" start time: Sep 04 14:08 EDT
Output:
----------------------------------------------------------
Running main() from /Users/seandoyle/git/100Boxes/100BoxesCPP/googletest/googletest/src/gtest_main.cc
[==========] Running 1 test from 1 test suite.
[----------] Global test environment set-up.
[----------] 1 test from ExampleTests
[ RUN      ] ExampleTests.DemonstrateGTestMacros
Example Constructor
[       OK ] ExampleTests.DemonstrateGTestMacros (0 ms)
[----------] 1 test from ExampleTests (0 ms total)

[----------] Global test environment tear-down
[==========] 1 test from 1 test suite ran. (0 ms total)
[  PASSED  ] 1 test.
<end of output>
Test time =   0.10 sec
----------------------------------------------------------
Test Passed.
"100BoxesCPPTests" end time: Sep 04 14:08 EDT
"100BoxesCPPTests" time elapsed: 00:00:00
----------------------------------------------------------

End testing: Sep 04 14:08 EDT
